<?xml version="1.0" encoding="UTF-8"?>
<!-- Generated by org.testng.reporters.JUnitReportReporter -->
<testsuite hostname="Sane-WS" failures="0" tests="2" name="com.sgtesting.testcases.testvagrant" time="0.044" errors="0" timestamp="2022-11-06T00:00:33 IST" skipped="0">
  <testcase classname="com.sgtesting.testcases.testvagrant" name="validateNumberofWicketKeeper" time="0.042"/>
  <system-out/>
  <testcase classname="com.sgtesting.testcases.testvagrant" name="validateTeamHasFourForeignPlayers" time="0.002"/>
  <system-out/>
</testsuite> <!-- com.sgtesting.testcases.testvagrant -->
