<?xml version="1.0" encoding="UTF-8"?>
<!-- Generated by org.testng.reporters.JUnitReportReporter -->
<testsuite hostname="Sane-WS" failures="0" tests="3" name="com.sgtesting.testcases.companycreate" time="14.031" errors="0" timestamp="2022-10-26T10:59:13 IST" skipped="0">
  <testcase classname="com.sgtesting.testcases.companycreate" name="signin" time="11.238"/>
  <system-out/>
  <testcase classname="com.sgtesting.testcases.companycreate" name="createcompany" time="1.633"/>
  <system-out/>
  <testcase classname="com.sgtesting.testcases.companycreate" name="getUser" time="1.160"/>
  <system-out/>
</testsuite> <!-- com.sgtesting.testcases.companycreate -->
