<?xml version="1.0" encoding="UTF-8"?>
<!-- Generated by org.testng.reporters.JUnitReportReporter -->
<testsuite hostname="Sane-WS" failures="0" tests="4" name="com.sgtesting.testcases.projectcreate" time="20.181" errors="0" timestamp="2022-09-22T15:38:54 IST" skipped="0">
  <testcase classname="com.sgtesting.testcases.projectcreate" name="signin" time="20.158"/>
  <system-out/>
  <testcase classname="com.sgtesting.testcases.projectcreate" name="createproject" time="0.014"/>
  <system-out/>
  <testcase classname="com.sgtesting.testcases.projectcreate" name="getproject" time="0.006"/>
  <system-out/>
  <testcase classname="com.sgtesting.testcases.projectcreate" name="deleteproject" time="0.003"/>
  <system-out/>
</testsuite> <!-- com.sgtesting.testcases.projectcreate -->
