<?xml version="1.0" encoding="UTF-8"?>
<!-- Generated by org.testng.reporters.JUnitReportReporter -->
<testsuite hostname="Sane-WS" failures="0" tests="3" name="com.sgtesting.testcases.UserScenariodemo" time="6.560" errors="0" timestamp="2022-10-28T14:30:10 IST" skipped="0">
  <testcase classname="com.sgtesting.testcases.UserScenariodemo" name="jsonArrayLength" time="3.197"/>
  <system-out/>
  <testcase classname="com.sgtesting.testcases.UserScenariodemo" name="responsejson" time="1.930"/>
  <system-out/>
  <testcase classname="com.sgtesting.testcases.UserScenariodemo" name="signin" time="1.433"/>
  <system-out/>
</testsuite> <!-- com.sgtesting.testcases.UserScenariodemo -->
