<?xml version="1.0" encoding="UTF-8"?>
<!-- Generated by org.testng.reporters.JUnitReportReporter -->
<testsuite hostname="Sane-WS" failures="0" tests="4" name="com.sgtesting.testcases.userscenario" time="18.948" errors="0" timestamp="2022-11-05T20:38:47 IST" skipped="0">
  <testcase classname="com.sgtesting.testcases.userscenario" name="signin" time="10.740"/>
  <system-out/>
  <testcase classname="com.sgtesting.testcases.userscenario" name="createUser" time="1.034"/>
  <system-out/>
  <testcase classname="com.sgtesting.testcases.userscenario" name="getUser" time="0.991"/>
  <system-out/>
  <testcase classname="com.sgtesting.testcases.userscenario" name="deleteUser" time="6.183"/>
  <system-out/>
</testsuite> <!-- com.sgtesting.testcases.userscenario -->
