<?xml version="1.0" encoding="UTF-8"?>
<!-- Generated by org.testng.reporters.JUnitReportReporter -->
<testsuite hostname="surya" failures="0" tests="2" name="com.sgtesting.testcases.Testcases" time="0.015" errors="0" timestamp="2022-08-28T13:30:32 IST" skipped="0">
  <testcase classname="com.sgtesting.testcases.Testcases" name="method2" time="0.001"/>
  <system-out/>
  <testcase classname="com.sgtesting.testcases.Testcases" name="method1" time="0.014"/>
  <system-out/>
</testsuite> <!-- com.sgtesting.testcases.Testcases -->
